<?xml version="1.0" encoding="UTF-8"?>
<testng-results ignored="0" total="1" passed="1" failed="0" skipped="0">
  <reporter-output>
    <line>
      <![CDATA[Home Page is displayed]]>
    </line>
  </reporter-output>
  <suite started-at="2023-09-13T15:12:29Z" name="Suite" finished-at="2023-09-13T15:13:27Z" duration-ms="58033">
    <groups>
      <group name="regression">
        <method signature="ValidLogin.testValidLogin()[pri:1, instance:script.ValidLogin@10d68fcd]" name="testValidLogin" class="script.ValidLogin"/>
      </group> <!-- regression -->
      <group name="smoke">
        <method signature="ValidLogin.testValidLogin()[pri:1, instance:script.ValidLogin@10d68fcd]" name="testValidLogin" class="script.ValidLogin"/>
      </group> <!-- smoke -->
    </groups>
    <test started-at="2023-09-13T15:12:29Z" name="Test" finished-at="2023-09-13T15:13:27Z" duration-ms="58033">
      <class name="script.ValidLogin">
        <test-method is-config="true" signature="preCondition(java.lang.String, java.lang.String, java.lang.String, java.lang.String, java.lang.String, java.lang.String)[pri:0, instance:script.ValidLogin@10d68fcd]" started-at="2023-09-13T15:12:29Z" name="preCondition" finished-at="2023-09-13T15:13:20Z" duration-ms="51458" status="PASS">
          <params>
            <param index="0">
              <value>
                <![CDATA[no]]>
              </value>
            </param>
            <param index="1">
              <value>
                <![CDATA[http://localhost:4444]]>
              </value>
            </param>
            <param index="2">
              <value>
                <![CDATA[firefox]]>
              </value>
            </param>
            <param index="3">
              <value>
                <![CDATA[https://demo.actitime.com]]>
              </value>
            </param>
            <param index="4">
              <value>
                <![CDATA[9]]>
              </value>
            </param>
            <param index="5">
              <value>
                <![CDATA[9]]>
              </value>
            </param>
          </params>
          <reporter-output>
          </reporter-output>
        </test-method> <!-- preCondition -->
        <test-method signature="testValidLogin()[pri:1, instance:script.ValidLogin@10d68fcd]" started-at="2023-09-13T15:13:20Z" name="testValidLogin" finished-at="2023-09-13T15:13:26Z" duration-ms="5669" status="PASS">
          <reporter-output>
            <line>
              <![CDATA[Home Page is displayed]]>
            </line>
          </reporter-output>
        </test-method> <!-- testValidLogin -->
        <test-method is-config="true" signature="postCondition(org.testng.ITestResult)[pri:0, instance:script.ValidLogin@10d68fcd]" started-at="2023-09-13T15:13:26Z" name="postCondition" finished-at="2023-09-13T15:13:27Z" duration-ms="879" status="PASS">
          <params>
            <param index="0">
              <value>
                <![CDATA[[TestResult name=testValidLogin status=SUCCESS method=ValidLogin.testValidLogin()[pri:1, instance:script.ValidLogin@10d68fcd] output=Home Page is displayed]]]>
              </value>
            </param>
          </params>
          <reporter-output>
          </reporter-output>
        </test-method> <!-- postCondition -->
      </class> <!-- script.ValidLogin -->
    </test> <!-- Test -->
  </suite> <!-- Suite -->
</testng-results>
