<?xml version="1.0" encoding="UTF-8"?>
<testng-results ignored="0" total="1" passed="1" failed="0" skipped="0">
  <reporter-output>
    <line>
      <![CDATA[Err Msg is displayed]]>
    </line>
  </reporter-output>
  <suite started-at="2023-09-14T14:02:44Z" name="Default suite" finished-at="2023-09-14T14:03:00Z" duration-ms="16523">
    <groups>
    </groups>
    <test started-at="2023-09-14T14:02:44Z" name="Default test" finished-at="2023-09-14T14:03:00Z" duration-ms="16523">
      <class name="script.InvalidLogin">
        <test-method is-config="true" signature="preCondition(java.lang.String, java.lang.String, java.lang.String, java.lang.String, java.lang.String, java.lang.String)[pri:0, instance:script.InvalidLogin@2c78d320]" started-at="2023-09-14T14:02:44Z" name="preCondition" finished-at="2023-09-14T14:02:55Z" duration-ms="11273" status="PASS">
          <params>
            <param index="0">
              <value>
                <![CDATA[no]]>
              </value>
            </param>
            <param index="1">
              <value>
                <![CDATA[https://oauth-poojasgowda36-1f4a2:b3fde840-59b0-4c63-8eb3-9d769457ee8d@ondemand.eu-central-1.saucelabs.com:443/wd/hub]]>
              </value>
            </param>
            <param index="2">
              <value>
                <![CDATA[chrome]]>
              </value>
            </param>
            <param index="3">
              <value>
                <![CDATA[https://demo.actitime.com]]>
              </value>
            </param>
            <param index="4">
              <value>
                <![CDATA[10]]>
              </value>
            </param>
            <param index="5">
              <value>
                <![CDATA[10]]>
              </value>
            </param>
          </params>
          <reporter-output>
          </reporter-output>
        </test-method> <!-- preCondition -->
        <test-method signature="testInvalidLogin()[pri:2, instance:script.InvalidLogin@2c78d320]" started-at="2023-09-14T14:02:55Z" name="testInvalidLogin" finished-at="2023-09-14T14:03:00Z" duration-ms="5095" status="PASS">
          <reporter-output>
            <line>
              <![CDATA[Err Msg is displayed]]>
            </line>
          </reporter-output>
        </test-method> <!-- testInvalidLogin -->
        <test-method is-config="true" signature="postCondition(org.testng.ITestResult)[pri:0, instance:script.InvalidLogin@2c78d320]" started-at="2023-09-14T14:03:00Z" name="postCondition" finished-at="2023-09-14T14:03:00Z" duration-ms="126" status="PASS">
          <params>
            <param index="0">
              <value>
                <![CDATA[[TestResult name=testInvalidLogin status=SUCCESS method=InvalidLogin.testInvalidLogin()[pri:2, instance:script.InvalidLogin@2c78d320] output=Err Msg is displayed]]]>
              </value>
            </param>
          </params>
          <reporter-output>
          </reporter-output>
        </test-method> <!-- postCondition -->
      </class> <!-- script.InvalidLogin -->
    </test> <!-- Default test -->
  </suite> <!-- Default suite -->
</testng-results>
